<?xml version="1.0" encoding="UTF-8"?>
<testsuite xmlns:xsi="http://www.w3.org/2001/XMLSchema-instance" xsi:noNamespaceSchemaLocation="https://maven.apache.org/surefire/maven-surefire-plugin/xsd/surefire-test-report-3.0.xsd" version="3.0" name="com.example.fundraising.FundraisingApplicationTests" time="1.208" tests="1" errors="0" skipped="0" failures="0">
  <properties>
[...]
</properties>
  <testcase name="contextLoads" classname="com.example.fundraising.FundraisingApplicationTests" time="0.003">
    <system-out><![CDATA[2024-07-25T15:14:53.042+02:00  INFO 2736 --- [           main] t.c.s.AnnotationConfigContextLoaderUtils : Could not detect default configuration classes for test class [com.example.fundraising.FundraisingApplicationTests]: FundraisingApplicationTests does not declare any static, non-private, non-final, nested classes annotated with @Configuration.
2024-07-25T15:14:53.043+02:00  INFO 2736 --- [           main] .b.t.c.SpringBootTestContextBootstrapper : Found @SpringBootConfiguration com.example.fundraising.FundraisingApplication for test class com.example.fundraising.FundraisingApplicationTests
2024-07-25T15:14:53.050+02:00  INFO 2736 --- [           main] o.s.b.d.r.RestartApplicationListener     : Restart disabled due to context in which it is running

  .   ____          _            __ _ _
 /\\ / ___'_ __ _ _(_)_ __  __ _ \ \ \ \
( ( )\___ | '_ | '_| | '_ \/ _` | \ \ \ \
 \\/  ___)| |_)| | | | | || (_| |  ) ) ) )
  '  |____| .__|_| |_|_| |_\__, | / / / /
 =========|_|==============|___/=/_/_/_/
 :: Spring Boot ::                (v3.2.2)

2024-07-25T15:14:53.133+02:00  WARN 2736 --- [           main] ory$DuplicateJsonObjectContextCustomizer : 

Found multiple occurrences of org.json.JSONObject on the class path:

	jar:file:/C:/Users/jelle/.m2/repository/com/vaadin/external/google/android-json/0.0.20131108.vaadin1/android-json-0.0.20131108.vaadin1.jar!/org/json/JSONObject.class
	jar:file:/C:/Users/jelle/.m2/repository/org/json/json/20240303/json-20240303.jar!/org/json/JSONObject.class

You may wish to exclude one of them to ensure predictable runtime behavior

2024-07-25T15:14:53.135+02:00  INFO 2736 --- [           main] c.e.f.FundraisingApplicationTests        : Starting FundraisingApplicationTests using Java 21 with PID 2736 (started by jelle in D:\Documentatie\Vakantiejob\HLL 2024\Project HLL\Git\hersenletsel-liga-officieel\Project\Fundraising)
2024-07-25T15:14:53.135+02:00  INFO 2736 --- [           main] c.e.f.FundraisingApplicationTests        : No active profile set, falling back to 1 default profile: "default"
2024-07-25T15:14:53.410+02:00  INFO 2736 --- [           main] .s.d.r.c.RepositoryConfigurationDelegate : Bootstrapping Spring Data JPA repositories in DEFAULT mode.
2024-07-25T15:14:53.421+02:00  INFO 2736 --- [           main] .s.d.r.c.RepositoryConfigurationDelegate : Finished Spring Data repository scanning in 9 ms. Found 2 JPA repository interfaces.
2024-07-25T15:14:53.511+02:00  INFO 2736 --- [           main] o.hibernate.jpa.internal.util.LogHelper  : HHH000204: Processing PersistenceUnitInfo [name: default]
2024-07-25T15:14:53.514+02:00  INFO 2736 --- [           main] o.h.c.internal.RegionFactoryInitiator    : HHH000026: Second-level cache disabled
2024-07-25T15:14:53.517+02:00  INFO 2736 --- [           main] o.s.o.j.p.SpringPersistenceUnitInfo      : No LoadTimeWeaver setup: ignoring JPA class transformer
2024-07-25T15:14:53.518+02:00  INFO 2736 --- [           main] com.zaxxer.hikari.HikariDataSource       : HikariPool-2 - Starting...
2024-07-25T15:14:53.624+02:00  INFO 2736 --- [           main] com.zaxxer.hikari.pool.HikariPool        : HikariPool-2 - Added connection org.postgresql.jdbc.PgConnection@1c07b091
2024-07-25T15:14:53.624+02:00  INFO 2736 --- [           main] com.zaxxer.hikari.HikariDataSource       : HikariPool-2 - Start completed.
2024-07-25T15:14:53.637+02:00  WARN 2736 --- [           main] org.hibernate.orm.deprecation            : HHH90000025: PostgreSQLDialect does not need to be specified explicitly using 'hibernate.dialect' (remove the property setting and it will be selected by default)
2024-07-25T15:14:53.733+02:00  INFO 2736 --- [           main] o.h.e.t.j.p.i.JtaPlatformInitiator       : HHH000489: No JTA platform available (set 'hibernate.transaction.jta.platform' to enable JTA platform integration)
2024-07-25T15:14:53.876+02:00  INFO 2736 --- [           main] j.LocalContainerEntityManagerFactoryBean : Initialized JPA EntityManagerFactory for persistence unit 'default'
Pad voor opslag images: 
D:\Documentatie\Vakantiejob\HLL 2024\Project HLL\Git\hersenletsel-liga-officieel\Project\Fundraising\images
2024-07-25T15:14:53.988+02:00  WARN 2736 --- [           main] JpaBaseConfiguration$JpaWebConfiguration : spring.jpa.open-in-view is enabled by default. Therefore, database queries may be performed during view rendering. Explicitly configure spring.jpa.open-in-view to disable this warning
2024-07-25T15:14:54.103+02:00  INFO 2736 --- [           main] o.s.s.web.DefaultSecurityFilterChain     : Will secure any request with [org.springframework.security.web.session.DisableEncodeUrlFilter@645650b1, org.springframework.security.web.context.request.async.WebAsyncManagerIntegrationFilter@6caffb24, org.springframework.security.web.context.SecurityContextHolderFilter@13a590f3, org.springframework.security.web.header.HeaderWriterFilter@2f533bd1, org.springframework.web.filter.CorsFilter@6c88ffed, org.springframework.security.web.csrf.CsrfFilter@5e71e8d4, org.springframework.security.web.authentication.logout.LogoutFilter@20b52576, org.springframework.security.oauth2.server.resource.web.authentication.BearerTokenAuthenticationFilter@39d8d89, org.springframework.security.web.savedrequest.RequestCacheAwareFilter@4243ed1b, org.springframework.security.web.servletapi.SecurityContextHolderAwareRequestFilter@29932728, org.springframework.security.web.authentication.AnonymousAuthenticationFilter@396d630, org.springframework.security.web.access.ExceptionTranslationFilter@50f77992, org.springframework.security.web.access.intercept.AuthorizationFilter@4d59eda9]
2024-07-25T15:14:54.235+02:00  INFO 2736 --- [           main] c.e.f.FundraisingApplicationTests        : Started FundraisingApplicationTests in 1.185 seconds (process running for 17.016)
]]></system-out>
  </testcase>
</testsuite>