<?xml version="1.0" encoding="UTF-8"?>
<testsuite xmlns:xsi="http://www.w3.org/2001/XMLSchema-instance" xsi:noNamespaceSchemaLocation="https://maven.apache.org/surefire/maven-surefire-plugin/xsd/surefire-test-report-3.0.xsd" version="3.0" name="com.example.fundraising.DonationTests" time="14.918" tests="21" errors="0" skipped="0" failures="0">
  <properties>
[...]
</properties>
  <testcase name="testDeleteDonation" classname="com.example.fundraising.DonationTests" time="1.362">
    <system-out><![CDATA[15:14:38.429 [main] INFO org.springframework.test.context.support.AnnotationConfigContextLoaderUtils -- Could not detect default configuration classes for test class [com.example.fundraising.DonationTests]: DonationTests does not declare any static, non-private, non-final, nested classes annotated with @Configuration.
15:14:38.608 [main] INFO org.springframework.boot.test.context.SpringBootTestContextBootstrapper -- Found @SpringBootConfiguration com.example.fundraising.FundraisingApplication for test class com.example.fundraising.DonationTests
15:14:38.873 [main] INFO org.springframework.boot.devtools.restart.RestartApplicationListener -- Restart disabled due to context in which it is running

  .   ____          _            __ _ _
 /\\ / ___'_ __ _ _(_)_ __  __ _ \ \ \ \
( ( )\___ | '_ | '_| | '_ \/ _` | \ \ \ \
 \\/  ___)| |_)| | | | | || (_| |  ) ) ) )
  '  |____| .__|_| |_|_| |_\__, | / / / /
 =========|_|==============|___/=/_/_/_/
 :: Spring Boot ::                (v3.2.2)

2024-07-25T15:14:40.358+02:00  WARN 2736 --- [           main] ory$DuplicateJsonObjectContextCustomizer : 

Found multiple occurrences of org.json.JSONObject on the class path:

	jar:file:/C:/Users/jelle/.m2/repository/com/vaadin/external/google/android-json/0.0.20131108.vaadin1/android-json-0.0.20131108.vaadin1.jar!/org/json/JSONObject.class
	jar:file:/C:/Users/jelle/.m2/repository/org/json/json/20240303/json-20240303.jar!/org/json/JSONObject.class

You may wish to exclude one of them to ensure predictable runtime behavior

2024-07-25T15:14:40.373+02:00  INFO 2736 --- [           main] com.example.fundraising.DonationTests    : Starting DonationTests using Java 21 with PID 2736 (started by jelle in D:\Documentatie\Vakantiejob\HLL 2024\Project HLL\Git\hersenletsel-liga-officieel\Project\Fundraising)
2024-07-25T15:14:40.374+02:00  INFO 2736 --- [           main] com.example.fundraising.DonationTests    : The following 1 profile is active: "test"
2024-07-25T15:14:41.646+02:00  INFO 2736 --- [           main] .s.d.r.c.RepositoryConfigurationDelegate : Bootstrapping Spring Data JPA repositories in DEFAULT mode.
2024-07-25T15:14:41.858+02:00  INFO 2736 --- [           main] .s.d.r.c.RepositoryConfigurationDelegate : Finished Spring Data repository scanning in 197 ms. Found 2 JPA repository interfaces.
2024-07-25T15:14:42.830+02:00  INFO 2736 --- [           main] o.s.b.w.embedded.tomcat.TomcatWebServer  : Tomcat initialized with port 0 (http)
2024-07-25T15:14:42.850+02:00  INFO 2736 --- [           main] o.apache.catalina.core.StandardService   : Starting service [Tomcat]
2024-07-25T15:14:42.851+02:00  INFO 2736 --- [           main] o.apache.catalina.core.StandardEngine    : Starting Servlet engine: [Apache Tomcat/10.1.18]
2024-07-25T15:14:42.944+02:00  INFO 2736 --- [           main] o.a.c.c.C.[Tomcat].[localhost].[/]       : Initializing Spring embedded WebApplicationContext
2024-07-25T15:14:42.945+02:00  INFO 2736 --- [           main] w.s.c.ServletWebServerApplicationContext : Root WebApplicationContext: initialization completed in 2537 ms
2024-07-25T15:14:43.222+02:00  INFO 2736 --- [           main] o.hibernate.jpa.internal.util.LogHelper  : HHH000204: Processing PersistenceUnitInfo [name: default]
2024-07-25T15:14:43.331+02:00  INFO 2736 --- [           main] org.hibernate.Version                    : HHH000412: Hibernate ORM core version 6.4.1.Final
2024-07-25T15:14:43.400+02:00  INFO 2736 --- [           main] o.h.c.internal.RegionFactoryInitiator    : HHH000026: Second-level cache disabled
2024-07-25T15:14:43.778+02:00  INFO 2736 --- [           main] o.s.o.j.p.SpringPersistenceUnitInfo      : No LoadTimeWeaver setup: ignoring JPA class transformer
2024-07-25T15:14:43.811+02:00  INFO 2736 --- [           main] com.zaxxer.hikari.HikariDataSource       : HikariPool-1 - Starting...
2024-07-25T15:14:44.068+02:00  INFO 2736 --- [           main] com.zaxxer.hikari.pool.HikariPool        : HikariPool-1 - Added connection org.postgresql.jdbc.PgConnection@2a9565d7
2024-07-25T15:14:44.070+02:00  INFO 2736 --- [           main] com.zaxxer.hikari.HikariDataSource       : HikariPool-1 - Start completed.
2024-07-25T15:14:44.128+02:00  WARN 2736 --- [           main] org.hibernate.orm.deprecation            : HHH90000025: PostgreSQLDialect does not need to be specified explicitly using 'hibernate.dialect' (remove the property setting and it will be selected by default)
2024-07-25T15:14:45.318+02:00  INFO 2736 --- [           main] o.h.e.t.j.p.i.JtaPlatformInitiator       : HHH000489: No JTA platform available (set 'hibernate.transaction.jta.platform' to enable JTA platform integration)
2024-07-25T15:14:45.548+02:00  INFO 2736 --- [           main] j.LocalContainerEntityManagerFactoryBean : Initialized JPA EntityManagerFactory for persistence unit 'default'
Pad voor opslag images: 
D:\Documentatie\Vakantiejob\HLL 2024\Project HLL\Git\hersenletsel-liga-officieel\Project\Fundraising\images
2024-07-25T15:14:46.323+02:00  WARN 2736 --- [           main] JpaBaseConfiguration$JpaWebConfiguration : spring.jpa.open-in-view is enabled by default. Therefore, database queries may be performed during view rendering. Explicitly configure spring.jpa.open-in-view to disable this warning
2024-07-25T15:14:46.499+02:00  INFO 2736 --- [           main] o.s.s.web.DefaultSecurityFilterChain     : Will secure any request with [org.springframework.security.web.session.DisableEncodeUrlFilter@7c5c53e5, org.springframework.security.web.context.request.async.WebAsyncManagerIntegrationFilter@4825aad0, org.springframework.security.web.context.SecurityContextHolderFilter@5e91b051, org.springframework.security.web.header.HeaderWriterFilter@12dab9a8, org.springframework.security.web.authentication.logout.LogoutFilter@7e7f72, org.springframework.security.web.savedrequest.RequestCacheAwareFilter@77376e83, org.springframework.security.web.servletapi.SecurityContextHolderAwareRequestFilter@708f4d81, org.springframework.security.web.authentication.AnonymousAuthenticationFilter@570cef1e, org.springframework.security.web.access.ExceptionTranslationFilter@8fe054, org.springframework.security.web.access.intercept.AuthorizationFilter@20e7ea20]
2024-07-25T15:14:47.399+02:00  INFO 2736 --- [           main] o.s.b.w.embedded.tomcat.TomcatWebServer  : Tomcat started on port 50931 (http) with context path ''
2024-07-25T15:14:47.409+02:00  INFO 2736 --- [           main] com.example.fundraising.DonationTests    : Started DonationTests in 8.554 seconds (process running for 10.189)
2024-07-25T15:14:48.700+02:00  INFO 2736 --- [o-auto-1-exec-1] o.a.c.c.C.[Tomcat].[localhost].[/]       : Initializing Spring DispatcherServlet 'dispatcherServlet'
2024-07-25T15:14:48.700+02:00  INFO 2736 --- [o-auto-1-exec-1] o.s.web.servlet.DispatcherServlet        : Initializing Servlet 'dispatcherServlet'
2024-07-25T15:14:48.701+02:00  INFO 2736 --- [o-auto-1-exec-1] o.s.web.servlet.DispatcherServlet        : Completed initialization in 1 ms
2024-07-25T15:14:48.893+02:00  WARN 2736 --- [o-auto-1-exec-2] c.e.f.donation.DonationController        : Exception is: could not find donation with id2
]]></system-out>
    <system-err><![CDATA[WARNING: A Java agent has been loaded dynamically (C:\Users\jelle\.m2\repository\net\bytebuddy\byte-buddy-agent\1.14.11\byte-buddy-agent-1.14.11.jar)
WARNING: If a serviceability tool is in use, please run with -XX:+EnableDynamicAgentLoading to hide this warning
WARNING: If a serviceability tool is not in use, please run with -Djdk.instrument.traceUsage for more information
WARNING: Dynamic loading of agents will be disallowed by default in a future release
]]></system-err>
  </testcase>
  <testcase name="testDeleteDonationWithUser" classname="com.example.fundraising.DonationTests" time="0.324"/>
  <testcase name="testDeleteEvent" classname="com.example.fundraising.DonationTests" time="0.395"/>
  <testcase name="testGetNonExistentEvent" classname="com.example.fundraising.DonationTests" time="0.137"/>
  <testcase name="testGetDonation" classname="com.example.fundraising.DonationTests" time="0.213"/>
  <testcase name="testPostEvent" classname="com.example.fundraising.DonationTests" time="0.33"/>
  <testcase name="testGetAllDonationsFromUser" classname="com.example.fundraising.DonationTests" time="0.175"/>
  <testcase name="testGetUnacceptedEvents" classname="com.example.fundraising.DonationTests" time="0.181"/>
  <testcase name="testUpdateEvent" classname="com.example.fundraising.DonationTests" time="0.21"/>
  <testcase name="testGetEventsFromNonExistentUser" classname="com.example.fundraising.DonationTests" time="0.093"/>
  <testcase name="testGetDonationsFromNonExistentUser" classname="com.example.fundraising.DonationTests" time="0.093"/>
  <testcase name="testAddDonation" classname="com.example.fundraising.DonationTests" time="0.233">
    <system-out><![CDATA[2024-07-25T15:14:51.318+02:00  WARN 2736 --- [o-auto-1-exec-4] c.e.f.donation.DonationController        : Exception is: could not find donation with id552
]]></system-out>
  </testcase>
  <testcase name="testDonationNotFoundException" classname="com.example.fundraising.DonationTests" time="0.107">
    <system-out><![CDATA[2024-07-25T15:14:51.429+02:00  WARN 2736 --- [o-auto-1-exec-3] c.e.f.donation.DonationController        : Exception is: could not find donation with id999
]]></system-out>
  </testcase>
  <testcase name="testGetAllDonations" classname="com.example.fundraising.DonationTests" time="0.205"/>
  <testcase name="testGetNonExistentDonation" classname="com.example.fundraising.DonationTests" time="0.106">
    <system-out><![CDATA[2024-07-25T15:14:51.743+02:00  WARN 2736 --- [o-auto-1-exec-6] c.e.f.donation.DonationController        : Exception is: could not find donation with id999
]]></system-out>
  </testcase>
  <testcase name="testGetAllEvents" classname="com.example.fundraising.DonationTests" time="0.409"/>
  <testcase name="testGetAcceptedEvents" classname="com.example.fundraising.DonationTests" time="0.335"/>
  <testcase name="testDeleteNonExistentDonation" classname="com.example.fundraising.DonationTests" time="0.105"/>
  <testcase name="testGetEventById" classname="com.example.fundraising.DonationTests" time="0.131"/>
  <testcase name="testUpdateNonExistentEvent" classname="com.example.fundraising.DonationTests" time="0.15">
    <system-out><![CDATA[2024-07-25T15:14:52.877+02:00  WARN 2736 --- [o-auto-1-exec-2] .w.s.m.s.DefaultHandlerExceptionResolver : Resolved [org.springframework.http.converter.HttpMessageNotReadableException: JSON parse error: No _valueDeserializer assigned]
]]></system-out>
  </testcase>
  <testcase name="testGetEventsFromUser" classname="com.example.fundraising.DonationTests" time="0.121"/>
</testsuite>